2023.01.25 08:38:36 INFO  tracing is disabled for protocol LSP, to enable tracing of incoming and outgoing JSON messages create an empty file at /home/luca/ETH/Thesis/EIGERPORT+/.metals/lsp.trace.json or /home/luca/.cache/metals/lsp.trace.json
2023.01.25 08:38:39 INFO  logging to file /home/luca/ETH/Thesis/EIGERPORT+/.metals/metals.log
2023.01.25 08:38:39 INFO  Started: Metals version 0.11.10 in workspace '/home/luca/ETH/Thesis/EIGERPORT+' for client Visual Studio Code 1.74.3.
SLF4J: No SLF4J providers were found.
SLF4J: Defaulting to no-operation (NOP) logger implementation
SLF4J: See https://www.slf4j.org/codes.html#noProviders for further details.
SLF4J: Class path contains SLF4J bindings targeting slf4j-api versions 1.7.x or earlier.
SLF4J: Ignoring binding found at [jar:file:/home/luca/.cache/coursier/v1/https/repo1.maven.org/maven2/com/outr/scribe-slf4j_2.13/3.10.5/scribe-slf4j_2.13-3.10.5.jar!/org/slf4j/impl/StaticLoggerBinder.class]
SLF4J: See https://www.slf4j.org/codes.html#ignoredBindings for an explanation.
2023.01.25 08:38:46 INFO  time: initialize in 6.74s
2023.01.25 08:38:48 WARN  Build server is not auto-connectable.
2023.01.25 08:38:48 WARN  no build tool detected in workspace '/home/luca/ETH/Thesis/EIGERPORT+'. The most common cause for this problem is that the editor was opened in the wrong working directory, for example if you use sbt then the workspace directory should contain build.sbt. 
2023.01.25 08:38:48 WARN  no build target for: /home/luca/ETH/Thesis/EIGERPORT+/Eiger-PORT/Eiger-PORT/src/java/org/apache/cassandra/db/Memtable.java
2023.01.28 08:23:33 INFO  tracing is disabled for protocol LSP, to enable tracing of incoming and outgoing JSON messages create an empty file at /home/luca/ETH/Thesis/EIGERPORT+/.metals/lsp.trace.json or /home/luca/.cache/metals/lsp.trace.json
2023.01.28 08:23:36 INFO  logging to file /home/luca/ETH/Thesis/EIGERPORT+/.metals/metals.log
2023.01.28 08:23:36 INFO  Started: Metals version 0.11.10 in workspace '/home/luca/ETH/Thesis/EIGERPORT+' for client Visual Studio Code 1.74.3.
SLF4J: No SLF4J providers were found.
SLF4J: Defaulting to no-operation (NOP) logger implementation
SLF4J: See https://www.slf4j.org/codes.html#noProviders for further details.
SLF4J: Class path contains SLF4J bindings targeting slf4j-api versions 1.7.x or earlier.
SLF4J: Ignoring binding found at [jar:file:/home/luca/.cache/coursier/v1/https/repo1.maven.org/maven2/com/outr/scribe-slf4j_2.13/3.10.5/scribe-slf4j_2.13-3.10.5.jar!/org/slf4j/impl/StaticLoggerBinder.class]
SLF4J: See https://www.slf4j.org/codes.html#ignoredBindings for an explanation.
2023.01.28 08:23:40 INFO  time: initialize in 4.58s
2023.01.28 08:23:42 WARN  Build server is not auto-connectable.
2023.01.28 08:23:42 WARN  no build tool detected in workspace '/home/luca/ETH/Thesis/EIGERPORT+'. The most common cause for this problem is that the editor was opened in the wrong working directory, for example if you use sbt then the workspace directory should contain build.sbt. 
2023.01.28 08:23:42 WARN  no build target for: /home/luca/ETH/Thesis/EIGERPORT+/Eiger-PORT/Eiger-PORT/src/java/org/apache/cassandra/thrift/ThriftConverter.java
2023.01.28 08:23:46 INFO  time: code lens generation in 2.63s
Jan 28, 2023 8:23:52 AM org.eclipse.lsp4j.jsonrpc.RemoteEndpoint handleCancellation
WARNING: Unmatched cancel notification for request id 6
2023.01.28 08:26:02 WARN  no build target for: /home/luca/ETH/Thesis/EIGERPORT+/Eiger-PORT/Eiger-PORT/src/java/org/apache/cassandra/thrift/ThriftConverter.java
2023.01.28 08:29:34 WARN  no build target for: /home/luca/ETH/Thesis/EIGERPORT+/Eiger-PORT/Eiger-PORT/src/java/org/apache/cassandra/thrift/ThriftConverter.java
2023.01.28 08:29:34 WARN  no build target for: /home/luca/ETH/Thesis/EIGERPORT+/Eiger-PORT/Eiger-PORT/src/java/org/apache/cassandra/thrift/ThriftConverter.java
2023.01.28 08:43:57 WARN  no build target for: /home/luca/ETH/Thesis/EIGERPORT+/Eiger-PORT/Eiger-PORT/src/java/org/apache/cassandra/auth/IAuthority.java
2023.01.28 08:44:19 WARN  no build target for: /home/luca/ETH/Thesis/EIGERPORT+/Eiger-PORT/Eiger-PORT/src/java/org/apache/cassandra/config/Config.java
2023.01.28 08:44:40 WARN  no build target for: /home/luca/ETH/Thesis/EIGERPORT+/Eiger-PORT/Eiger-PORT/src/java/org/apache/cassandra/cache/ConcurrentLinkedHashCache.java
2023.01.28 08:44:41 WARN  no build target for: /home/luca/ETH/Thesis/EIGERPORT+/Eiger-PORT/Eiger-PORT/src/java/org/apache/cassandra/cache/ConcurrentLinkedHashCacheProvider.java
2023.01.28 08:44:43 INFO  time: code lens generation in 1.89s
2023.01.28 08:44:51 WARN  no build target for: /home/luca/ETH/Thesis/EIGERPORT+/Eiger-PORT/Eiger-PORT/src/java/org/apache/cassandra/config/ConfigurationException.java
2023.01.28 08:47:36 WARN  no build target for: /home/luca/ETH/Thesis/EIGERPORT+/Eiger-PORT/Eiger-PORT/src/java/org/apache/cassandra/auth/IAuthority.java
2023.01.28 08:59:42 WARN  no build target for: /home/luca/ETH/Thesis/EIGERPORT+/Eiger-PORT/Eiger-PORT/src/java/org/apache/cassandra/auth/Permission.java
2023.01.28 09:01:38 WARN  no build target for: /home/luca/ETH/Thesis/EIGERPORT+/Eiger-PORT/Eiger-PORT/src/java/org/apache/cassandra/auth/AuthenticatedUser.java
Jan 28, 2023 9:01:38 AM org.eclipse.lsp4j.jsonrpc.RemoteEndpoint handleCancellation
WARNING: Unmatched cancel notification for request id 245
2023.01.28 09:01:40 INFO  time: code lens generation in 1.31s
2023.01.28 09:05:22 WARN  no build target for: /home/luca/ETH/Thesis/EIGERPORT+/Eiger-PORT/Eiger-PORT/src/java/org/apache/cassandra/auth/IAuthority.java
2023.01.28 09:05:38 WARN  no build target for: /home/luca/ETH/Thesis/EIGERPORT+/Eiger-PORT/Eiger-PORT/src/java/org/apache/cassandra/auth/Resources.java
2023.01.28 09:06:24 WARN  no build target for: /home/luca/ETH/Thesis/EIGERPORT+/Eiger-PORT/Eiger-PORT/src/java/org/apache/cassandra/utils/Hex.java
2023.01.28 09:06:26 INFO  time: code lens generation in 1.14s
2023.01.28 09:19:55 INFO  tracing is disabled for protocol LSP, to enable tracing of incoming and outgoing JSON messages create an empty file at /home/luca/ETH/Thesis/EIGERPORT+/.metals/lsp.trace.json or /home/luca/.cache/metals/lsp.trace.json
2023.01.28 09:20:01 INFO  logging to file /home/luca/ETH/Thesis/EIGERPORT+/.metals/metals.log
2023.01.28 09:20:01 INFO  Started: Metals version 0.11.10 in workspace '/home/luca/ETH/Thesis/EIGERPORT+' for client Visual Studio Code 1.74.3.
SLF4J: No SLF4J providers were found.
SLF4J: Defaulting to no-operation (NOP) logger implementation
SLF4J: See https://www.slf4j.org/codes.html#noProviders for further details.
SLF4J: Class path contains SLF4J bindings targeting slf4j-api versions 1.7.x or earlier.
SLF4J: Ignoring binding found at [jar:file:/home/luca/.cache/coursier/v1/https/repo1.maven.org/maven2/com/outr/scribe-slf4j_2.13/3.10.5/scribe-slf4j_2.13-3.10.5.jar!/org/slf4j/impl/StaticLoggerBinder.class]
SLF4J: See https://www.slf4j.org/codes.html#ignoredBindings for an explanation.
2023.01.28 09:20:12 INFO  time: initialize in 10s
2023.01.28 09:20:16 WARN  Build server is not auto-connectable.
2023.01.28 09:20:16 WARN  no build tool detected in workspace '/home/luca/ETH/Thesis/EIGERPORT+'. The most common cause for this problem is that the editor was opened in the wrong working directory, for example if you use sbt then the workspace directory should contain build.sbt. 
2023.01.28 09:20:16 WARN  no build target for: /home/luca/ETH/Thesis/EIGERPORT+/Eiger-PORT/Eiger-PORT/src/java/org/apache/cassandra/auth/Resources.java
2023.01.28 09:20:22 INFO  time: code lens generation in 5.09s
2023.01.28 09:22:00 WARN  no build target for: /home/luca/ETH/Thesis/EIGERPORT+/Eiger-PORT/Eiger-PORT/src/java/org/apache/cassandra/auth/IAuthenticator.java
2023.01.28 09:25:12 WARN  no build target for: /home/luca/ETH/Thesis/EIGERPORT+/Eiger-PORT/eiger/interface/thrift/gen-java/org/apache/cassandra/thrift/AuthenticationException.java
2023.01.28 09:25:16 INFO  time: code lens generation in 1.8s
Jan 28, 2023 9:25:46 AM org.eclipse.lsp4j.jsonrpc.RemoteEndpoint handleCancellation
WARNING: Unmatched cancel notification for request id 37
Jan 28, 2023 9:25:46 AM org.eclipse.lsp4j.jsonrpc.RemoteEndpoint handleCancellation
WARNING: Unmatched cancel notification for request id 39
Jan 28, 2023 9:25:47 AM org.eclipse.lsp4j.jsonrpc.RemoteEndpoint handleCancellation
WARNING: Unmatched cancel notification for request id 42
2023.01.28 09:26:07 WARN  no build target for: /home/luca/ETH/Thesis/EIGERPORT+/Eiger-PORT/Eiger-PORT/src/java/org/apache/cassandra/auth/IAuthenticator.java
2023.01.28 09:29:33 WARN  no build target for: /home/luca/ETH/Thesis/EIGERPORT+/Eiger-PORT/Eiger-PORT/src/java/org/apache/cassandra/auth/AllowAllAuthenticator.java
2023.01.28 09:32:14 WARN  no build target for: /home/luca/ETH/Thesis/EIGERPORT+/Eiger-PORT/Eiger-PORT/src/java/org/apache/cassandra/auth/AllowAllAuthority.java
2023.01.28 09:37:15 WARN  no build target for: /home/luca/ETH/Thesis/EIGERPORT+/Eiger-PORT/Eiger-PORT/src/java/org/apache/cassandra/cache/AutoSavingCache.java
2023.01.28 09:37:17 INFO  time: code lens generation in 1.19s
2023.01.28 09:37:24 WARN  no build target for: /home/luca/ETH/Thesis/EIGERPORT+/Eiger-PORT/Eiger-PORT/src/java/org/apache/cassandra/client/BlockingQueueCallback.java
2023.01.28 09:37:34 WARN  no build target for: /home/luca/ETH/Thesis/EIGERPORT+/Eiger-PORT/Eiger-PORT/src/java/org/apache/cassandra/thrift/CassandraDaemon.java
2023.01.28 09:37:36 INFO  time: code lens generation in 1.28s
2023.01.28 09:39:21 WARN  no build target for: /home/luca/ETH/Thesis/EIGERPORT+/Eiger-PORT/Eiger-PORT/src/java/org/apache/cassandra/auth/AllowAllAuthenticator.java
2023.01.28 09:39:33 WARN  no build target for: /home/luca/ETH/Thesis/EIGERPORT+/Eiger-PORT/Eiger-PORT/src/java/org/apache/cassandra/thrift/CassandraDaemon.java
2023.01.28 09:39:40 WARN  no build target for: /home/luca/ETH/Thesis/EIGERPORT+/Eiger-PORT/Eiger-PORT/src/java/org/apache/cassandra/thrift/ThriftConverter.java
2023.01.28 09:39:43 INFO  time: code lens generation in 1.74s
2023.01.28 09:40:13 WARN  no build target for: /home/luca/ETH/Thesis/EIGERPORT+/Eiger-PORT/Eiger-PORT/src/java/org/apache/cassandra/db/Column.java
2023.01.28 09:40:16 INFO  time: code lens generation in 1.63s
2023.01.28 09:46:26 WARN  no build target for: /home/luca/ETH/Thesis/EIGERPORT+/Eiger-PORT/eiger/original_eiger/Column.java
2023.01.28 09:46:29 INFO  time: code lens generation in 1.9s
2023.01.28 09:46:37 WARN  no build target for: /home/luca/ETH/Thesis/EIGERPORT+/Eiger-PORT/eiger/original_eiger/ThriftConverter.java
2023.01.28 09:46:39 INFO  time: code lens generation in 1.22s
2023.01.28 09:47:17 WARN  no build target for: /home/luca/ETH/Thesis/EIGERPORT+/Eiger-PORT/Eiger-PORT/src/java/org/apache/cassandra/thrift/ThriftConverter.java
Jan 28, 2023 9:47:38 AM org.eclipse.lsp4j.jsonrpc.RemoteEndpoint handleCancellation
WARNING: Unmatched cancel notification for request id 306
2023.01.28 09:47:39 WARN  no build target for: /home/luca/ETH/Thesis/EIGERPORT+/Eiger-PORT/Eiger-PORT/src/java/org/apache/cassandra/thrift/ThriftConverter.java
